Arguments: 
  /Users/dean/.nvm/versions/node/v16.16.0/bin/node /opt/homebrew/Cellar/yarn/1.22.19/libexec/bin/yarn.js add react react-dom

PATH: 
  /Users/dean/google-cloud-sdk/bin:/Users/dean/.nvm/versions/node/v16.16.0/bin:/opt/homebrew/bin:/opt/homebrew/sbin:/usr/local/bin:/usr/bin:/bin:/usr/sbin:/sbin:/Users/dean/google-cloud-sdk/bin:/Users/dean/.nvm/versions/node/v16.16.0/bin:/opt/homebrew/bin:/opt/homebrew/sbin:/Users/dean/.cargo/bin

Yarn version: 
  1.22.19

Node version: 
  16.16.0

Platform: 
  darwin arm64

Trace: 
  Error: getaddrinfo ENOTFOUND registry.yarnpkg.com
      at GetAddrInfoReqWrap.onlookup [as oncomplete] (node:dns:71:26)

npm manifest: 
  {
    "name": "emailer_frontend",
    "version": "0.1.0",
    "description": "Internet Computer starter application",
    "keywords": ["Internet Computer", "Motoko", "JavaScript", "Canister"],
    "scripts": {
      "build": "webpack",
      "prebuild": "npm run copy:types",
      "start": "webpack serve --mode development --env development",
      "prestart": "npm run copy:types",
      "copy:types": "rsync -avr .dfx/$(echo ${DFX_NETWORK:-'**'})/canisters/** --exclude='assets/' --exclude='idl/' --exclude='*.wasm' --exclude='*.most' --delete src/declarations"
    },
    "devDependencies": {
      "@dfinity/agent": "0.14.0",
      "@dfinity/candid": "0.14.0",
      "@dfinity/principal": "0.14.0",
      "assert": "2.0.0",
      "buffer": "6.0.3",
      "events": "3.3.0",
      "html-webpack-plugin": "5.5.0",
      "process": "0.11.10",
      "stream-browserify": "3.0.0",
      "terser-webpack-plugin": "^5.3.3",
      "util": "0.12.4",
      "webpack": "^5.73.0",
      "webpack-cli": "^4.10.0",
      "webpack-dev-server": "^4.8.1"
    },
    "engines": {
      "node": "^12 || ^14 || ^16 || ^18"
    },
    "browserslist": [
      "last 2 chrome version",
      "last 2 firefox version",
      "last 2 safari version",
      "last 2 edge version"
    ]
  }

yarn manifest: 
  No manifest

Lockfile: 
  No lockfile
